[debug] [2021-12-03T07:51:23.144Z] ----------------------------------------------------------------------
[debug] [2021-12-03T07:51:23.146Z] Command:       C:\Program Files\nodejs\node.exe C:\Users\hp\AppData\Roaming\npm\node_modules\firebase-tools\lib\bin\firebase.js emulators:start
[debug] [2021-12-03T07:51:23.147Z] CLI Version:   9.23.0
[debug] [2021-12-03T07:51:23.147Z] Platform:      win32
[debug] [2021-12-03T07:51:23.147Z] Node Version:  v14.17.3
[debug] [2021-12-03T07:51:23.148Z] Time:          Fri Dec 03 2021 13:21:23 GMT+0530 (India Standard Time)
[debug] [2021-12-03T07:51:23.148Z] ----------------------------------------------------------------------
[debug] 
[debug] [2021-12-03T07:51:23.268Z] > command requires scopes: ["email","openid","https://www.googleapis.com/auth/cloudplatformprojects.readonly","https://www.googleapis.com/auth/firebase","https://www.googleapis.com/auth/cloud-platform"]
[debug] [2021-12-03T07:51:23.268Z] > authorizing via signed-in user (dahariaayush@gmail.com)
[info] i  emulators: Starting emulators: functions, hosting {"metadata":{"emulator":{"name":"hub"},"message":"Starting emulators: functions, hosting"}}
[warn] !  emulators: It seems that you are running multiple instances of the emulator suite for project minor-project-fb92a. This may result in unexpected behavior. 
[debug] [2021-12-03T07:51:23.351Z] [hub] writing locator at C:\Users\hp\AppData\Local\Temp\hub-minor-project-fb92a.json
[warn] !  functions: The following emulators are not running, calls to these services from the Functions emulator will affect production: auth, firestore, database, pubsub, storage {"metadata":{"emulator":{"name":"functions"},"message":"The following emulators are not running, calls to these services from the Functions emulator will affect production: \u001b[1mauth, firestore, database, pubsub, storage\u001b[22m"}}
[info] +  functions: Using node@14 from host. {"metadata":{"emulator":{"name":"functions"},"message":"Using node@14 from host."}}
[debug] [2021-12-03T07:51:23.482Z] defaultcredentials: writing to file C:\Users\hp\AppData\Roaming\firebase\dahariaayush_gmail_com_application_default_credentials.json
[debug] [2021-12-03T07:51:23.485Z] Setting GAC to C:\Users\hp\AppData\Roaming\firebase\dahariaayush_gmail_com_application_default_credentials.json {"metadata":{"emulator":{"name":"functions"},"message":"Setting GAC to C:\\Users\\hp\\AppData\\Roaming\\firebase\\dahariaayush_gmail_com_application_default_credentials.json"}}
[debug] [2021-12-03T07:51:23.487Z] > refreshing access token with scopes: []
[debug] [2021-12-03T07:51:23.487Z] >>> HTTP REQUEST POST https://www.googleapis.com/oauth2/v3/token  
 <request body omitted>
[debug] [2021-12-03T07:51:23.835Z] <<< HTTP RESPONSE 200 {"expires":"Mon, 01 Jan 1990 00:00:00 GMT","pragma":"no-cache","cache-control":"no-cache, no-store, max-age=0, must-revalidate","date":"Fri, 03 Dec 2021 07:51:24 GMT","content-type":"application/json; charset=utf-8","vary":"X-Origin, Referer, Origin,Accept-Encoding","server":"scaffolding on HTTPServer2","x-xss-protection":"0","x-frame-options":"SAMEORIGIN","x-content-type-options":"nosniff","alt-svc":"h3=\":443\"; ma=2592000,h3-29=\":443\"; ma=2592000,h3-Q050=\":443\"; ma=2592000,h3-Q046=\":443\"; ma=2592000,h3-Q043=\":443\"; ma=2592000,quic=\":443\"; ma=2592000; v=\"46,43\"","accept-ranges":"none","transfer-encoding":"chunked"}
[debug] [2021-12-03T07:51:24.115Z] >>> [apiv2][query] GET https://firebase.googleapis.com/v1beta1/projects/minor-project-fb92a/adminSdkConfig [none]
[debug] [2021-12-03T07:51:24.736Z] <<< [apiv2][status] GET https://firebase.googleapis.com/v1beta1/projects/minor-project-fb92a/adminSdkConfig 200
[debug] [2021-12-03T07:51:24.736Z] <<< [apiv2][body] GET https://firebase.googleapis.com/v1beta1/projects/minor-project-fb92a/adminSdkConfig {"projectId":"minor-project-fb92a","storageBucket":"minor-project-fb92a.appspot.com"}
[debug] [2021-12-03T07:51:24.905Z] >>> [apiv2][query] GET https://firebasehosting.googleapis.com/v1beta1/projects/minor-project-fb92a/sites 
[debug] [2021-12-03T07:51:26.790Z] <<< [apiv2][status] GET https://firebasehosting.googleapis.com/v1beta1/projects/minor-project-fb92a/sites 200
[debug] [2021-12-03T07:51:26.790Z] <<< [apiv2][body] GET https://firebasehosting.googleapis.com/v1beta1/projects/minor-project-fb92a/sites {"sites":[{"name":"projects/759173261917/sites/minor-project-fb92a","defaultUrl":"https://minor-project-fb92a.web.app","appId":"1:759173261917:web:6b67bb39fa1f9d4003fbb4","type":"DEFAULT_SITE"}]}
[debug] [2021-12-03T07:51:26.791Z] >>> [apiv2][query] GET https://firebase.googleapis.com/v1beta1/projects/minor-project-fb92a/webApps/1:759173261917:web:6b67bb39fa1f9d4003fbb4/config [none]
[debug] [2021-12-03T07:51:28.405Z] <<< [apiv2][status] GET https://firebase.googleapis.com/v1beta1/projects/minor-project-fb92a/webApps/1:759173261917:web:6b67bb39fa1f9d4003fbb4/config 200
[debug] [2021-12-03T07:51:28.406Z] <<< [apiv2][body] GET https://firebase.googleapis.com/v1beta1/projects/minor-project-fb92a/webApps/1:759173261917:web:6b67bb39fa1f9d4003fbb4/config {"projectId":"minor-project-fb92a","appId":"1:759173261917:web:6b67bb39fa1f9d4003fbb4","storageBucket":"minor-project-fb92a.appspot.com","apiKey":"AIzaSyAdt5WdKKNlgzSQ8ELrUWkTpJgkIQUJqBA","authDomain":"minor-project-fb92a.firebaseapp.com","messagingSenderId":"759173261917","measurementId":"G-LQP3PXJR6T"}
[info] i  hosting: Serving hosting files from: build {"metadata":{"emulator":{"name":"hosting"},"message":"Serving hosting files from: \u001b[1mbuild\u001b[22m"}}
[info] +  hosting: Local server: http://localhost:5000 {"metadata":{"emulator":{"name":"hosting"},"message":"Local server: \u001b[4m\u001b[1mhttp://localhost:5000\u001b[22m\u001b[24m"}}
[warn] !  ui: Emulator UI unable to start on port 4000, starting on 4001 instead. {"metadata":{"emulator":{"name":"ui"},"message":"Emulator UI unable to start on port 4000, starting on 4001 instead."}}
[debug] [2021-12-03T07:51:28.663Z] Ignoring unsupported arg: auto_download {"metadata":{"emulator":{"name":"ui"},"message":"Ignoring unsupported arg: auto_download"}}
[debug] [2021-12-03T07:51:28.663Z] Ignoring unsupported arg: port {"metadata":{"emulator":{"name":"ui"},"message":"Ignoring unsupported arg: port"}}
[debug] [2021-12-03T07:51:28.663Z] Starting Emulator UI with command {"binary":"node","args":["C:\\Users\\hp\\.cache\\firebase\\emulators\\ui-v1.6.4\\server.bundle.js"],"optionalArgs":[],"joinArgs":false} {"metadata":{"emulator":{"name":"ui"},"message":"Starting Emulator UI with command {\"binary\":\"node\",\"args\":[\"C:\\\\Users\\\\hp\\\\.cache\\\\firebase\\\\emulators\\\\ui-v1.6.4\\\\server.bundle.js\"],\"optionalArgs\":[],\"joinArgs\":false}"}}
[info] i  ui: Emulator UI logging to ui-debug.log {"metadata":{"emulator":{"name":"ui"},"message":"Emulator UI logging to \u001b[1mui-debug.log\u001b[22m"}}
[debug] [2021-12-03T07:51:28.958Z] Web / API server started at localhost:4001
 {"metadata":{"emulator":{"name":"ui"},"message":"Web / API server started at localhost:4001\n"}}
[info] i  functions: Watching "E:\onlineStore\functions" for Cloud Functions... {"metadata":{"emulator":{"name":"functions"},"message":"Watching \"E:\\onlineStore\\functions\" for Cloud Functions..."}}
[debug] [2021-12-03T07:51:29.217Z] [worker-pool] addWorker(~diagnostic~) {"metadata":{"emulator":{"name":"functions"},"message":"[worker-pool] addWorker(~diagnostic~)"}}
[debug] [2021-12-03T07:51:29.217Z] [worker-pool] Adding worker with key ~diagnostic~, total=1 {"metadata":{"emulator":{"name":"functions"},"message":"[worker-pool] Adding worker with key ~diagnostic~, total=1"}}
[debug] [2021-12-03T07:51:29.218Z] [worker-pool] submitWork(triggerId=) {"metadata":{"emulator":{"name":"functions"},"message":"[worker-pool] submitWork(triggerId=)"}}
[debug] [2021-12-03T07:51:29.218Z] [worker-~diagnostic~-b0b2b59d-a1d9-45db-8b88-a5b2323d6445]: Assigning socketPath: \\?\pipe\E:\onlineStore\functions\24928 {"metadata":{"emulator":{"name":"functions"},"message":"[worker-~diagnostic~-b0b2b59d-a1d9-45db-8b88-a5b2323d6445]: Assigning socketPath: \\\\?\\pipe\\E:\\onlineStore\\functions\\24928"}}
[debug] [2021-12-03T07:51:29.218Z] [worker-~diagnostic~-b0b2b59d-a1d9-45db-8b88-a5b2323d6445]: BUSY {"metadata":{"emulator":{"name":"functions"},"message":"[worker-~diagnostic~-b0b2b59d-a1d9-45db-8b88-a5b2323d6445]: BUSY"}}
[debug] [2021-12-03T07:51:29.613Z] [runtime-status] [24928] Functions runtime initialized. {"cwd":"E:\\onlineStore\\functions","node_version":"14.17.3"} {"metadata":{"emulator":{"name":"functions"},"message":"[runtime-status] [24928] Functions runtime initialized. {\"cwd\":\"E:\\\\onlineStore\\\\functions\",\"node_version\":\"14.17.3\"}"}}
[debug] [2021-12-03T07:51:29.615Z] [runtime-status] [24928] Disabled runtime features: undefined {"metadata":{"emulator":{"name":"functions"},"message":"[runtime-status] [24928] Disabled runtime features: undefined"}}
[debug] [2021-12-03T07:51:29.619Z] [runtime-status] [24928] Resolved module firebase-admin {"declared":true,"installed":true,"version":"9.12.0","resolution":"E:\\onlineStore\\functions\\node_modules\\firebase-admin\\lib\\index.js"} {"metadata":{"emulator":{"name":"functions"},"message":"[runtime-status] [24928] Resolved module firebase-admin {\"declared\":true,\"installed\":true,\"version\":\"9.12.0\",\"resolution\":\"E:\\\\onlineStore\\\\functions\\\\node_modules\\\\firebase-admin\\\\lib\\\\index.js\"}"}}
[debug] [2021-12-03T07:51:29.623Z] [runtime-status] [24928] Resolved module firebase-functions {"declared":true,"installed":true,"version":"3.16.0","resolution":"E:\\onlineStore\\functions\\node_modules\\firebase-functions\\lib\\index.js"} {"metadata":{"emulator":{"name":"functions"},"message":"[runtime-status] [24928] Resolved module firebase-functions {\"declared\":true,\"installed\":true,\"version\":\"3.16.0\",\"resolution\":\"E:\\\\onlineStore\\\\functions\\\\node_modules\\\\firebase-functions\\\\lib\\\\index.js\"}"}}
[debug] [2021-12-03T07:51:29.624Z] [runtime-status] [24928] Outgoing network have been stubbed. [{"name":"http","status":"mocked"},{"name":"http","status":"mocked"},{"name":"https","status":"mocked"},{"name":"https","status":"mocked"},{"name":"net","status":"mocked"}] {"metadata":{"emulator":{"name":"functions"},"message":"[runtime-status] [24928] Outgoing network have been stubbed. [{\"name\":\"http\",\"status\":\"mocked\"},{\"name\":\"http\",\"status\":\"mocked\"},{\"name\":\"https\",\"status\":\"mocked\"},{\"name\":\"https\",\"status\":\"mocked\"},{\"name\":\"net\",\"status\":\"mocked\"}]"}}
[debug] [2021-12-03T07:51:29.627Z] [runtime-status] [24928] Resolved module firebase-functions {"declared":true,"installed":true,"version":"3.16.0","resolution":"E:\\onlineStore\\functions\\node_modules\\firebase-functions\\lib\\index.js"} {"metadata":{"emulator":{"name":"functions"},"message":"[runtime-status] [24928] Resolved module firebase-functions {\"declared\":true,\"installed\":true,\"version\":\"3.16.0\",\"resolution\":\"E:\\\\onlineStore\\\\functions\\\\node_modules\\\\firebase-functions\\\\lib\\\\index.js\"}"}}
[debug] [2021-12-03T07:51:29.679Z] [runtime-status] [24928] Checked functions.config() {"config":{}} {"metadata":{"emulator":{"name":"functions"},"message":"[runtime-status] [24928] Checked functions.config() {\"config\":{}}"}}
[debug] [2021-12-03T07:51:29.679Z] [runtime-status] [24928] firebase-functions has been stubbed. {"functionsResolution":{"declared":true,"installed":true,"version":"3.16.0","resolution":"E:\\onlineStore\\functions\\node_modules\\firebase-functions\\lib\\index.js"}} {"metadata":{"emulator":{"name":"functions"},"message":"[runtime-status] [24928] firebase-functions has been stubbed. {\"functionsResolution\":{\"declared\":true,\"installed\":true,\"version\":\"3.16.0\",\"resolution\":\"E:\\\\onlineStore\\\\functions\\\\node_modules\\\\firebase-functions\\\\lib\\\\index.js\"}}"}}
[debug] [2021-12-03T07:51:29.680Z] [runtime-status] [24928] Resolved module firebase-functions {"declared":true,"installed":true,"version":"3.16.0","resolution":"E:\\onlineStore\\functions\\node_modules\\firebase-functions\\lib\\index.js"} {"metadata":{"emulator":{"name":"functions"},"message":"[runtime-status] [24928] Resolved module firebase-functions {\"declared\":true,\"installed\":true,\"version\":\"3.16.0\",\"resolution\":\"E:\\\\onlineStore\\\\functions\\\\node_modules\\\\firebase-functions\\\\lib\\\\index.js\"}"}}
[debug] [2021-12-03T07:51:29.681Z] [runtime-status] [24928] Resolved module firebase-admin {"declared":true,"installed":true,"version":"9.12.0","resolution":"E:\\onlineStore\\functions\\node_modules\\firebase-admin\\lib\\index.js"} {"metadata":{"emulator":{"name":"functions"},"message":"[runtime-status] [24928] Resolved module firebase-admin {\"declared\":true,\"installed\":true,\"version\":\"9.12.0\",\"resolution\":\"E:\\\\onlineStore\\\\functions\\\\node_modules\\\\firebase-admin\\\\lib\\\\index.js\"}"}}
[debug] [2021-12-03T07:51:29.682Z] [runtime-status] [24928] Resolved module firebase-functions {"declared":true,"installed":true,"version":"3.16.0","resolution":"E:\\onlineStore\\functions\\node_modules\\firebase-functions\\lib\\index.js"} {"metadata":{"emulator":{"name":"functions"},"message":"[runtime-status] [24928] Resolved module firebase-functions {\"declared\":true,\"installed\":true,\"version\":\"3.16.0\",\"resolution\":\"E:\\\\onlineStore\\\\functions\\\\node_modules\\\\firebase-functions\\\\lib\\\\index.js\"}"}}
[debug] [2021-12-03T07:51:29.682Z] [runtime-status] [24928] firebase-admin has been stubbed. {"adminResolution":{"declared":true,"installed":true,"version":"9.12.0","resolution":"E:\\onlineStore\\functions\\node_modules\\firebase-admin\\lib\\index.js"}} {"metadata":{"emulator":{"name":"functions"},"message":"[runtime-status] [24928] firebase-admin has been stubbed. {\"adminResolution\":{\"declared\":true,\"installed\":true,\"version\":\"9.12.0\",\"resolution\":\"E:\\\\onlineStore\\\\functions\\\\node_modules\\\\firebase-admin\\\\lib\\\\index.js\"}}"}}
[info] +  functions[us-central1-api]: http function initialized (http://localhost:5001/minor-project-fb92a/us-central1/api). {"metadata":{"emulator":{"name":"functions"},"message":"\u001b[1mhttp\u001b[22m function initialized (http://localhost:5001/minor-project-fb92a/us-central1/api)."}}
[info] 
┌─────────────────────────────────────────────────────────────┐
│ ✔  All emulators ready! It is now safe to connect your app. │
│ i  View Emulator UI at http://localhost:4001                │
└─────────────────────────────────────────────────────────────┘

┌───────────┬────────────────┬─────────────────────────────────┐
│ Emulator  │ Host:Port      │ View in Emulator UI             │
├───────────┼────────────────┼─────────────────────────────────┤
│ Functions │ localhost:5001 │ http://localhost:4001/functions │
├───────────┼────────────────┼─────────────────────────────────┤
│ Hosting   │ localhost:5000 │ n/a                             │
└───────────┴────────────────┴─────────────────────────────────┘
  Emulator Hub running at localhost:4400
  Other reserved ports: 4500

Issues? Report them at https://github.com/firebase/firebase-tools/issues and attach the *-debug.log files.
 
[debug] [2021-12-03T07:51:29.885Z] [worker-~diagnostic~-b0b2b59d-a1d9-45db-8b88-a5b2323d6445]: IDLE {"metadata":{"emulator":{"name":"functions"},"message":"[worker-~diagnostic~-b0b2b59d-a1d9-45db-8b88-a5b2323d6445]: IDLE"}}
[info] i  hosting: 127.0.0.1 - - [03/Dec/2021:07:52:18 +0000] "GET / HTTP/1.1" 200 3042 "-" "Mozilla/5.0 (Windows NT 10.0; Win64; x64) AppleWebKit/537.36 (KHTML, like Gecko) Chrome/96.0.4664.45 Safari/537.36" {"metadata":{"emulator":{"name":"hosting"},"message":"127.0.0.1 - - [03/Dec/2021:07:52:18 +0000] \"GET / HTTP/1.1\" 200 3042 \"-\" \"Mozilla/5.0 (Windows NT 10.0; Win64; x64) AppleWebKit/537.36 (KHTML, like Gecko) Chrome/96.0.4664.45 Safari/537.36\""}}
[info] i  hosting: 127.0.0.1 - - [03/Dec/2021:07:52:18 +0000] "GET /static/css/main.9b8649f3.chunk.css HTTP/1.1" 200 5310 "http://localhost:5000/" "Mozilla/5.0 (Windows NT 10.0; Win64; x64) AppleWebKit/537.36 (KHTML, like Gecko) Chrome/96.0.4664.45 Safari/537.36" {"metadata":{"emulator":{"name":"hosting"},"message":"127.0.0.1 - - [03/Dec/2021:07:52:18 +0000] \"GET /static/css/main.9b8649f3.chunk.css HTTP/1.1\" 200 5310 \"http://localhost:5000/\" \"Mozilla/5.0 (Windows NT 10.0; Win64; x64) AppleWebKit/537.36 (KHTML, like Gecko) Chrome/96.0.4664.45 Safari/537.36\""}}
[debug] [2021-12-03T07:52:35.056Z] Functions emulator received unknown request at path /ecommerce-website-f0972/us-central1/api/payments/create
[debug] [2021-12-03T07:53:06.474Z] [work-queue] {"queueLength":1,"workRunningCount":0}
[debug] [2021-12-03T07:53:06.475Z] [work-queue] {"queueLength":0,"workRunningCount":1}
[debug] [2021-12-03T07:53:06.475Z] Accepted request GET /minor-project-fb92a/us-central1/api --> us-central1-api
[debug] [2021-12-03T07:53:06.481Z] [worker-pool] addWorker(us-central1-api) {"metadata":{"emulator":{"name":"functions"},"message":"[worker-pool] addWorker(us-central1-api)"}}
[debug] [2021-12-03T07:53:06.482Z] [worker-pool] Adding worker with key us-central1-api, total=1 {"metadata":{"emulator":{"name":"functions"},"message":"[worker-pool] Adding worker with key us-central1-api, total=1"}}
[debug] [2021-12-03T07:53:06.482Z] [worker-pool] submitWork(triggerId=us-central1-api) {"metadata":{"emulator":{"name":"functions"},"message":"[worker-pool] submitWork(triggerId=us-central1-api)"}}
[debug] [2021-12-03T07:53:06.482Z] [worker-us-central1-api-431cca26-c647-4eb5-8e47-20c27c0379e8]: Assigning socketPath: \\?\pipe\E:\onlineStore\functions\5064 {"metadata":{"emulator":{"name":"functions"},"message":"[worker-us-central1-api-431cca26-c647-4eb5-8e47-20c27c0379e8]: Assigning socketPath: \\\\?\\pipe\\E:\\onlineStore\\functions\\5064"}}
[debug] [2021-12-03T07:53:06.482Z] [worker-us-central1-api-431cca26-c647-4eb5-8e47-20c27c0379e8]: BUSY {"metadata":{"emulator":{"name":"functions"},"message":"[worker-us-central1-api-431cca26-c647-4eb5-8e47-20c27c0379e8]: BUSY"}}
[debug] [2021-12-03T07:53:06.704Z] [runtime-status] [5064] Functions runtime initialized. {"cwd":"E:\\onlineStore\\functions","node_version":"14.17.3"} {"metadata":{"emulator":{"name":"functions"},"function":{"name":"us-central1-api"},"message":"[runtime-status] [5064] Functions runtime initialized. {\"cwd\":\"E:\\\\onlineStore\\\\functions\",\"node_version\":\"14.17.3\"}"}}
[debug] [2021-12-03T07:53:06.707Z] [runtime-status] [5064] Disabled runtime features: undefined {"metadata":{"emulator":{"name":"functions"},"function":{"name":"us-central1-api"},"message":"[runtime-status] [5064] Disabled runtime features: undefined"}}
[debug] [2021-12-03T07:53:06.711Z] [runtime-status] [5064] Resolved module firebase-admin {"declared":true,"installed":true,"version":"9.12.0","resolution":"E:\\onlineStore\\functions\\node_modules\\firebase-admin\\lib\\index.js"} {"metadata":{"emulator":{"name":"functions"},"function":{"name":"us-central1-api"},"message":"[runtime-status] [5064] Resolved module firebase-admin {\"declared\":true,\"installed\":true,\"version\":\"9.12.0\",\"resolution\":\"E:\\\\onlineStore\\\\functions\\\\node_modules\\\\firebase-admin\\\\lib\\\\index.js\"}"}}
[debug] [2021-12-03T07:53:06.714Z] [runtime-status] [5064] Resolved module firebase-functions {"declared":true,"installed":true,"version":"3.16.0","resolution":"E:\\onlineStore\\functions\\node_modules\\firebase-functions\\lib\\index.js"} {"metadata":{"emulator":{"name":"functions"},"function":{"name":"us-central1-api"},"message":"[runtime-status] [5064] Resolved module firebase-functions {\"declared\":true,\"installed\":true,\"version\":\"3.16.0\",\"resolution\":\"E:\\\\onlineStore\\\\functions\\\\node_modules\\\\firebase-functions\\\\lib\\\\index.js\"}"}}
[debug] [2021-12-03T07:53:06.715Z] [runtime-status] [5064] Outgoing network have been stubbed. [{"name":"http","status":"mocked"},{"name":"http","status":"mocked"},{"name":"https","status":"mocked"},{"name":"https","status":"mocked"},{"name":"net","status":"mocked"}] {"metadata":{"emulator":{"name":"functions"},"function":{"name":"us-central1-api"},"message":"[runtime-status] [5064] Outgoing network have been stubbed. [{\"name\":\"http\",\"status\":\"mocked\"},{\"name\":\"http\",\"status\":\"mocked\"},{\"name\":\"https\",\"status\":\"mocked\"},{\"name\":\"https\",\"status\":\"mocked\"},{\"name\":\"net\",\"status\":\"mocked\"}]"}}
[debug] [2021-12-03T07:53:06.716Z] [runtime-status] [5064] Resolved module firebase-functions {"declared":true,"installed":true,"version":"3.16.0","resolution":"E:\\onlineStore\\functions\\node_modules\\firebase-functions\\lib\\index.js"} {"metadata":{"emulator":{"name":"functions"},"function":{"name":"us-central1-api"},"message":"[runtime-status] [5064] Resolved module firebase-functions {\"declared\":true,\"installed\":true,\"version\":\"3.16.0\",\"resolution\":\"E:\\\\onlineStore\\\\functions\\\\node_modules\\\\firebase-functions\\\\lib\\\\index.js\"}"}}
[debug] [2021-12-03T07:53:06.766Z] [runtime-status] [5064] Checked functions.config() {"config":{}} {"metadata":{"emulator":{"name":"functions"},"function":{"name":"us-central1-api"},"message":"[runtime-status] [5064] Checked functions.config() {\"config\":{}}"}}
[debug] [2021-12-03T07:53:06.767Z] [runtime-status] [5064] firebase-functions has been stubbed. {"functionsResolution":{"declared":true,"installed":true,"version":"3.16.0","resolution":"E:\\onlineStore\\functions\\node_modules\\firebase-functions\\lib\\index.js"}} {"metadata":{"emulator":{"name":"functions"},"function":{"name":"us-central1-api"},"message":"[runtime-status] [5064] firebase-functions has been stubbed. {\"functionsResolution\":{\"declared\":true,\"installed\":true,\"version\":\"3.16.0\",\"resolution\":\"E:\\\\onlineStore\\\\functions\\\\node_modules\\\\firebase-functions\\\\lib\\\\index.js\"}}"}}
[debug] [2021-12-03T07:53:06.767Z] [runtime-status] [5064] Resolved module firebase-functions {"declared":true,"installed":true,"version":"3.16.0","resolution":"E:\\onlineStore\\functions\\node_modules\\firebase-functions\\lib\\index.js"} {"metadata":{"emulator":{"name":"functions"},"function":{"name":"us-central1-api"},"message":"[runtime-status] [5064] Resolved module firebase-functions {\"declared\":true,\"installed\":true,\"version\":\"3.16.0\",\"resolution\":\"E:\\\\onlineStore\\\\functions\\\\node_modules\\\\firebase-functions\\\\lib\\\\index.js\"}"}}
[debug] [2021-12-03T07:53:06.769Z] [runtime-status] [5064] Resolved module firebase-admin {"declared":true,"installed":true,"version":"9.12.0","resolution":"E:\\onlineStore\\functions\\node_modules\\firebase-admin\\lib\\index.js"} {"metadata":{"emulator":{"name":"functions"},"function":{"name":"us-central1-api"},"message":"[runtime-status] [5064] Resolved module firebase-admin {\"declared\":true,\"installed\":true,\"version\":\"9.12.0\",\"resolution\":\"E:\\\\onlineStore\\\\functions\\\\node_modules\\\\firebase-admin\\\\lib\\\\index.js\"}"}}
[debug] [2021-12-03T07:53:06.770Z] [runtime-status] [5064] Resolved module firebase-functions {"declared":true,"installed":true,"version":"3.16.0","resolution":"E:\\onlineStore\\functions\\node_modules\\firebase-functions\\lib\\index.js"} {"metadata":{"emulator":{"name":"functions"},"function":{"name":"us-central1-api"},"message":"[runtime-status] [5064] Resolved module firebase-functions {\"declared\":true,\"installed\":true,\"version\":\"3.16.0\",\"resolution\":\"E:\\\\onlineStore\\\\functions\\\\node_modules\\\\firebase-functions\\\\lib\\\\index.js\"}"}}
[debug] [2021-12-03T07:53:06.770Z] [runtime-status] [5064] firebase-admin has been stubbed. {"adminResolution":{"declared":true,"installed":true,"version":"9.12.0","resolution":"E:\\onlineStore\\functions\\node_modules\\firebase-admin\\lib\\index.js"}} {"metadata":{"emulator":{"name":"functions"},"function":{"name":"us-central1-api"},"message":"[runtime-status] [5064] firebase-admin has been stubbed. {\"adminResolution\":{\"declared\":true,\"installed\":true,\"version\":\"9.12.0\",\"resolution\":\"E:\\\\onlineStore\\\\functions\\\\node_modules\\\\firebase-admin\\\\lib\\\\index.js\"}}"}}
[debug] [2021-12-03T07:53:06.984Z] [runtime-status] [5064] Trigger "us-central1-api" has been found, beginning invocation! {"metadata":{"emulator":{"name":"functions"},"function":{"name":"us-central1-api"},"message":"[runtime-status] [5064] Trigger \"us-central1-api\" has been found, beginning invocation!"}}
[info] i  functions: Beginning execution of "us-central1-api" {"metadata":{"emulator":{"name":"functions"},"function":{"name":"us-central1-api"},"message":"Beginning execution of \"us-central1-api\""}}
[debug] [2021-12-03T07:53:06.986Z] [runtime-status] [5064] triggerDefinition {"httpsTrigger":{},"name":"api","entryPoint":"api","regions":["us-central1"],"region":"us-central1","id":"us-central1-api"} {"metadata":{"emulator":{"name":"functions"},"function":{"name":"us-central1-api"},"message":"[runtime-status] [5064] triggerDefinition {\"httpsTrigger\":{},\"name\":\"api\",\"entryPoint\":\"api\",\"regions\":[\"us-central1\"],\"region\":\"us-central1\",\"id\":\"us-central1-api\"}"}}
[debug] [2021-12-03T07:53:06.986Z] [runtime-status] [5064] Running us-central1-api in signature http {"metadata":{"emulator":{"name":"functions"},"function":{"name":"us-central1-api"},"message":"[runtime-status] [5064] Running us-central1-api in signature http"}}
[debug] [2021-12-03T07:53:06.991Z] [runtime-status] [5064] Attempting to listen to socketPath: \\?\pipe\E:\onlineStore\functions\5064 {"metadata":{"emulator":{"name":"functions"},"function":{"name":"us-central1-api"},"message":"[runtime-status] [5064] Attempting to listen to socketPath: \\\\?\\pipe\\E:\\onlineStore\\functions\\5064"}}
[debug] [2021-12-03T07:53:06.995Z] [functions] Runtime ready! Sending request! {"metadata":{"emulator":{"name":"functions"},"message":"[functions] Runtime ready! Sending request!"}}
[debug] [2021-12-03T07:53:06.995Z] [functions] Got req.url=/minor-project-fb92a/us-central1/api, mapping to path=/ {"metadata":{"emulator":{"name":"functions"},"message":"[functions] Got req.url=/minor-project-fb92a/us-central1/api, mapping to path=/"}}
[debug] [2021-12-03T07:53:07.006Z] [runtime-status] [5064] Ephemeral server handling GET request {"metadata":{"emulator":{"name":"functions"},"function":{"name":"us-central1-api"},"message":"[runtime-status] [5064] Ephemeral server handling GET request"}}
[debug] [2021-12-03T07:53:07.012Z] [runtime-status] [5064] Ephemeral server survived. {"metadata":{"emulator":{"name":"functions"},"function":{"name":"us-central1-api"},"message":"[runtime-status] [5064] Ephemeral server survived."}}
[info] i  functions: Finished "us-central1-api" in ~1s {"metadata":{"emulator":{"name":"functions"},"function":{"name":"us-central1-api"},"message":"Finished \"us-central1-api\" in ~1s"}}
[debug] [2021-12-03T07:53:07.018Z] [worker-us-central1-api-431cca26-c647-4eb5-8e47-20c27c0379e8]: IDLE {"metadata":{"emulator":{"name":"functions"},"message":"[worker-us-central1-api-431cca26-c647-4eb5-8e47-20c27c0379e8]: IDLE"}}
[debug] [2021-12-03T07:53:07.018Z] [work-queue] {"queueLength":0,"workRunningCount":0}
[debug] [2021-12-03T07:58:10.548Z] File E:\onlineStore\functions\index.js changed, reloading triggers {"metadata":{"emulator":{"name":"functions"},"message":"File E:\\onlineStore\\functions\\index.js changed, reloading triggers"}}
[debug] [2021-12-03T07:58:11.552Z] [worker-pool] Shutting down IDLE worker (~diagnostic~) {"metadata":{"emulator":{"name":"functions"},"message":"[worker-pool] Shutting down IDLE worker (~diagnostic~)"}}
[debug] [2021-12-03T07:58:11.552Z] [worker-~diagnostic~-b0b2b59d-a1d9-45db-8b88-a5b2323d6445]: FINISHING {"metadata":{"emulator":{"name":"functions"},"message":"[worker-~diagnostic~-b0b2b59d-a1d9-45db-8b88-a5b2323d6445]: FINISHING"}}
[debug] [2021-12-03T07:58:11.552Z] [worker-pool] Shutting down IDLE worker (us-central1-api) {"metadata":{"emulator":{"name":"functions"},"message":"[worker-pool] Shutting down IDLE worker (us-central1-api)"}}
[debug] [2021-12-03T07:58:11.552Z] [worker-us-central1-api-431cca26-c647-4eb5-8e47-20c27c0379e8]: FINISHING {"metadata":{"emulator":{"name":"functions"},"message":"[worker-us-central1-api-431cca26-c647-4eb5-8e47-20c27c0379e8]: FINISHING"}}
[debug] [2021-12-03T07:58:11.562Z] [worker-pool] addWorker(~diagnostic~) {"metadata":{"emulator":{"name":"functions"},"message":"[worker-pool] addWorker(~diagnostic~)"}}
[debug] [2021-12-03T07:58:11.562Z] [worker-pool] Adding worker with key ~diagnostic~, total=2 {"metadata":{"emulator":{"name":"functions"},"message":"[worker-pool] Adding worker with key ~diagnostic~, total=2"}}
[debug] [2021-12-03T07:58:11.562Z] [worker-pool] submitWork(triggerId=) {"metadata":{"emulator":{"name":"functions"},"message":"[worker-pool] submitWork(triggerId=)"}}
[debug] [2021-12-03T07:58:11.562Z] [worker-~diagnostic~-d0ba8b7b-a5ce-4ac0-afa5-82f62c76ede2]: Assigning socketPath: \\?\pipe\E:\onlineStore\functions\15964 {"metadata":{"emulator":{"name":"functions"},"message":"[worker-~diagnostic~-d0ba8b7b-a5ce-4ac0-afa5-82f62c76ede2]: Assigning socketPath: \\\\?\\pipe\\E:\\onlineStore\\functions\\15964"}}
[debug] [2021-12-03T07:58:11.562Z] [worker-~diagnostic~-d0ba8b7b-a5ce-4ac0-afa5-82f62c76ede2]: BUSY {"metadata":{"emulator":{"name":"functions"},"message":"[worker-~diagnostic~-d0ba8b7b-a5ce-4ac0-afa5-82f62c76ede2]: BUSY"}}
[debug] [2021-12-03T07:58:11.564Z] [worker-us-central1-api-431cca26-c647-4eb5-8e47-20c27c0379e8]: exited {"metadata":{"emulator":{"name":"functions"},"message":"[worker-us-central1-api-431cca26-c647-4eb5-8e47-20c27c0379e8]: exited"}}
[debug] [2021-12-03T07:58:11.564Z] [worker-us-central1-api-431cca26-c647-4eb5-8e47-20c27c0379e8]: FINISHED {"metadata":{"emulator":{"name":"functions"},"message":"[worker-us-central1-api-431cca26-c647-4eb5-8e47-20c27c0379e8]: FINISHED"}}
[debug] [2021-12-03T07:58:11.565Z] [worker-~diagnostic~-b0b2b59d-a1d9-45db-8b88-a5b2323d6445]: exited {"metadata":{"emulator":{"name":"functions"},"message":"[worker-~diagnostic~-b0b2b59d-a1d9-45db-8b88-a5b2323d6445]: exited"}}
[debug] [2021-12-03T07:58:11.565Z] [worker-~diagnostic~-b0b2b59d-a1d9-45db-8b88-a5b2323d6445]: FINISHED {"metadata":{"emulator":{"name":"functions"},"message":"[worker-~diagnostic~-b0b2b59d-a1d9-45db-8b88-a5b2323d6445]: FINISHED"}}
[debug] [2021-12-03T07:58:12.588Z] [runtime-status] [15964] Functions runtime initialized. {"cwd":"E:\\onlineStore\\functions","node_version":"14.17.3"} {"metadata":{"emulator":{"name":"functions"},"message":"[runtime-status] [15964] Functions runtime initialized. {\"cwd\":\"E:\\\\onlineStore\\\\functions\",\"node_version\":\"14.17.3\"}"}}
[debug] [2021-12-03T07:58:12.593Z] [runtime-status] [15964] Disabled runtime features: undefined {"metadata":{"emulator":{"name":"functions"},"message":"[runtime-status] [15964] Disabled runtime features: undefined"}}
[debug] [2021-12-03T07:58:12.603Z] [runtime-status] [15964] Resolved module firebase-admin {"declared":true,"installed":true,"version":"9.12.0","resolution":"E:\\onlineStore\\functions\\node_modules\\firebase-admin\\lib\\index.js"} {"metadata":{"emulator":{"name":"functions"},"message":"[runtime-status] [15964] Resolved module firebase-admin {\"declared\":true,\"installed\":true,\"version\":\"9.12.0\",\"resolution\":\"E:\\\\onlineStore\\\\functions\\\\node_modules\\\\firebase-admin\\\\lib\\\\index.js\"}"}}
[debug] [2021-12-03T07:58:12.612Z] [runtime-status] [15964] Resolved module firebase-functions {"declared":true,"installed":true,"version":"3.16.0","resolution":"E:\\onlineStore\\functions\\node_modules\\firebase-functions\\lib\\index.js"} {"metadata":{"emulator":{"name":"functions"},"message":"[runtime-status] [15964] Resolved module firebase-functions {\"declared\":true,\"installed\":true,\"version\":\"3.16.0\",\"resolution\":\"E:\\\\onlineStore\\\\functions\\\\node_modules\\\\firebase-functions\\\\lib\\\\index.js\"}"}}
[debug] [2021-12-03T07:58:12.616Z] [runtime-status] [15964] Outgoing network have been stubbed. [{"name":"http","status":"mocked"},{"name":"http","status":"mocked"},{"name":"https","status":"mocked"},{"name":"https","status":"mocked"},{"name":"net","status":"mocked"}] {"metadata":{"emulator":{"name":"functions"},"message":"[runtime-status] [15964] Outgoing network have been stubbed. [{\"name\":\"http\",\"status\":\"mocked\"},{\"name\":\"http\",\"status\":\"mocked\"},{\"name\":\"https\",\"status\":\"mocked\"},{\"name\":\"https\",\"status\":\"mocked\"},{\"name\":\"net\",\"status\":\"mocked\"}]"}}
[debug] [2021-12-03T07:58:12.618Z] [runtime-status] [15964] Resolved module firebase-functions {"declared":true,"installed":true,"version":"3.16.0","resolution":"E:\\onlineStore\\functions\\node_modules\\firebase-functions\\lib\\index.js"} {"metadata":{"emulator":{"name":"functions"},"message":"[runtime-status] [15964] Resolved module firebase-functions {\"declared\":true,\"installed\":true,\"version\":\"3.16.0\",\"resolution\":\"E:\\\\onlineStore\\\\functions\\\\node_modules\\\\firebase-functions\\\\lib\\\\index.js\"}"}}
[debug] [2021-12-03T07:58:12.745Z] [runtime-status] [15964] Checked functions.config() {"config":{}} {"metadata":{"emulator":{"name":"functions"},"message":"[runtime-status] [15964] Checked functions.config() {\"config\":{}}"}}
[debug] [2021-12-03T07:58:12.746Z] [runtime-status] [15964] firebase-functions has been stubbed. {"functionsResolution":{"declared":true,"installed":true,"version":"3.16.0","resolution":"E:\\onlineStore\\functions\\node_modules\\firebase-functions\\lib\\index.js"}} {"metadata":{"emulator":{"name":"functions"},"message":"[runtime-status] [15964] firebase-functions has been stubbed. {\"functionsResolution\":{\"declared\":true,\"installed\":true,\"version\":\"3.16.0\",\"resolution\":\"E:\\\\onlineStore\\\\functions\\\\node_modules\\\\firebase-functions\\\\lib\\\\index.js\"}}"}}
[debug] [2021-12-03T07:58:12.749Z] [runtime-status] [15964] Resolved module firebase-functions {"declared":true,"installed":true,"version":"3.16.0","resolution":"E:\\onlineStore\\functions\\node_modules\\firebase-functions\\lib\\index.js"} {"metadata":{"emulator":{"name":"functions"},"message":"[runtime-status] [15964] Resolved module firebase-functions {\"declared\":true,\"installed\":true,\"version\":\"3.16.0\",\"resolution\":\"E:\\\\onlineStore\\\\functions\\\\node_modules\\\\firebase-functions\\\\lib\\\\index.js\"}"}}
[debug] [2021-12-03T07:58:12.753Z] [runtime-status] [15964] Resolved module firebase-admin {"declared":true,"installed":true,"version":"9.12.0","resolution":"E:\\onlineStore\\functions\\node_modules\\firebase-admin\\lib\\index.js"} {"metadata":{"emulator":{"name":"functions"},"message":"[runtime-status] [15964] Resolved module firebase-admin {\"declared\":true,\"installed\":true,\"version\":\"9.12.0\",\"resolution\":\"E:\\\\onlineStore\\\\functions\\\\node_modules\\\\firebase-admin\\\\lib\\\\index.js\"}"}}
[debug] [2021-12-03T07:58:12.755Z] [runtime-status] [15964] Resolved module firebase-functions {"declared":true,"installed":true,"version":"3.16.0","resolution":"E:\\onlineStore\\functions\\node_modules\\firebase-functions\\lib\\index.js"} {"metadata":{"emulator":{"name":"functions"},"message":"[runtime-status] [15964] Resolved module firebase-functions {\"declared\":true,\"installed\":true,\"version\":\"3.16.0\",\"resolution\":\"E:\\\\onlineStore\\\\functions\\\\node_modules\\\\firebase-functions\\\\lib\\\\index.js\"}"}}
[debug] [2021-12-03T07:58:12.756Z] [runtime-status] [15964] firebase-admin has been stubbed. {"adminResolution":{"declared":true,"installed":true,"version":"9.12.0","resolution":"E:\\onlineStore\\functions\\node_modules\\firebase-admin\\lib\\index.js"}} {"metadata":{"emulator":{"name":"functions"},"message":"[runtime-status] [15964] firebase-admin has been stubbed. {\"adminResolution\":{\"declared\":true,\"installed\":true,\"version\":\"9.12.0\",\"resolution\":\"E:\\\\onlineStore\\\\functions\\\\node_modules\\\\firebase-admin\\\\lib\\\\index.js\"}}"}}
[debug] [2021-12-03T07:58:13.234Z] [worker-~diagnostic~-d0ba8b7b-a5ce-4ac0-afa5-82f62c76ede2]: IDLE {"metadata":{"emulator":{"name":"functions"},"message":"[worker-~diagnostic~-d0ba8b7b-a5ce-4ac0-afa5-82f62c76ede2]: IDLE"}}
[debug] [2021-12-03T07:58:18.517Z] File E:\onlineStore\functions\index.js changed, reloading triggers {"metadata":{"emulator":{"name":"functions"},"message":"File E:\\onlineStore\\functions\\index.js changed, reloading triggers"}}
[debug] [2021-12-03T07:58:19.522Z] [worker-pool] Shutting down IDLE worker (~diagnostic~) {"metadata":{"emulator":{"name":"functions"},"message":"[worker-pool] Shutting down IDLE worker (~diagnostic~)"}}
[debug] [2021-12-03T07:58:19.522Z] [worker-~diagnostic~-d0ba8b7b-a5ce-4ac0-afa5-82f62c76ede2]: FINISHING {"metadata":{"emulator":{"name":"functions"},"message":"[worker-~diagnostic~-d0ba8b7b-a5ce-4ac0-afa5-82f62c76ede2]: FINISHING"}}
[debug] [2021-12-03T07:58:19.522Z] [worker-pool] Cleaned up workers for ~diagnostic~: 2 --> 1 {"metadata":{"emulator":{"name":"functions"},"message":"[worker-pool] Cleaned up workers for ~diagnostic~: 2 --> 1"}}
[debug] [2021-12-03T07:58:19.523Z] [worker-pool] Cleaned up workers for us-central1-api: 1 --> 0 {"metadata":{"emulator":{"name":"functions"},"message":"[worker-pool] Cleaned up workers for us-central1-api: 1 --> 0"}}
[debug] [2021-12-03T07:58:19.531Z] [worker-pool] addWorker(~diagnostic~) {"metadata":{"emulator":{"name":"functions"},"message":"[worker-pool] addWorker(~diagnostic~)"}}
[debug] [2021-12-03T07:58:19.532Z] [worker-pool] Adding worker with key ~diagnostic~, total=2 {"metadata":{"emulator":{"name":"functions"},"message":"[worker-pool] Adding worker with key ~diagnostic~, total=2"}}
[debug] [2021-12-03T07:58:19.532Z] [worker-pool] submitWork(triggerId=) {"metadata":{"emulator":{"name":"functions"},"message":"[worker-pool] submitWork(triggerId=)"}}
[debug] [2021-12-03T07:58:19.532Z] [worker-~diagnostic~-37d91d99-c866-4553-8bf5-8d3e68678ff5]: Assigning socketPath: \\?\pipe\E:\onlineStore\functions\13980 {"metadata":{"emulator":{"name":"functions"},"message":"[worker-~diagnostic~-37d91d99-c866-4553-8bf5-8d3e68678ff5]: Assigning socketPath: \\\\?\\pipe\\E:\\onlineStore\\functions\\13980"}}
[debug] [2021-12-03T07:58:19.532Z] [worker-~diagnostic~-37d91d99-c866-4553-8bf5-8d3e68678ff5]: BUSY {"metadata":{"emulator":{"name":"functions"},"message":"[worker-~diagnostic~-37d91d99-c866-4553-8bf5-8d3e68678ff5]: BUSY"}}
[debug] [2021-12-03T07:58:19.533Z] [worker-~diagnostic~-d0ba8b7b-a5ce-4ac0-afa5-82f62c76ede2]: exited {"metadata":{"emulator":{"name":"functions"},"message":"[worker-~diagnostic~-d0ba8b7b-a5ce-4ac0-afa5-82f62c76ede2]: exited"}}
[debug] [2021-12-03T07:58:19.533Z] [worker-~diagnostic~-d0ba8b7b-a5ce-4ac0-afa5-82f62c76ede2]: FINISHED {"metadata":{"emulator":{"name":"functions"},"message":"[worker-~diagnostic~-d0ba8b7b-a5ce-4ac0-afa5-82f62c76ede2]: FINISHED"}}
[debug] [2021-12-03T07:58:19.813Z] [runtime-status] [13980] Functions runtime initialized. {"cwd":"E:\\onlineStore\\functions","node_version":"14.17.3"} {"metadata":{"emulator":{"name":"functions"},"message":"[runtime-status] [13980] Functions runtime initialized. {\"cwd\":\"E:\\\\onlineStore\\\\functions\",\"node_version\":\"14.17.3\"}"}}
[debug] [2021-12-03T07:58:19.816Z] [runtime-status] [13980] Disabled runtime features: undefined {"metadata":{"emulator":{"name":"functions"},"message":"[runtime-status] [13980] Disabled runtime features: undefined"}}
[debug] [2021-12-03T07:58:19.820Z] [runtime-status] [13980] Resolved module firebase-admin {"declared":true,"installed":true,"version":"9.12.0","resolution":"E:\\onlineStore\\functions\\node_modules\\firebase-admin\\lib\\index.js"} {"metadata":{"emulator":{"name":"functions"},"message":"[runtime-status] [13980] Resolved module firebase-admin {\"declared\":true,\"installed\":true,\"version\":\"9.12.0\",\"resolution\":\"E:\\\\onlineStore\\\\functions\\\\node_modules\\\\firebase-admin\\\\lib\\\\index.js\"}"}}
[debug] [2021-12-03T07:58:19.824Z] [runtime-status] [13980] Resolved module firebase-functions {"declared":true,"installed":true,"version":"3.16.0","resolution":"E:\\onlineStore\\functions\\node_modules\\firebase-functions\\lib\\index.js"} {"metadata":{"emulator":{"name":"functions"},"message":"[runtime-status] [13980] Resolved module firebase-functions {\"declared\":true,\"installed\":true,\"version\":\"3.16.0\",\"resolution\":\"E:\\\\onlineStore\\\\functions\\\\node_modules\\\\firebase-functions\\\\lib\\\\index.js\"}"}}
[debug] [2021-12-03T07:58:19.825Z] [runtime-status] [13980] Outgoing network have been stubbed. [{"name":"http","status":"mocked"},{"name":"http","status":"mocked"},{"name":"https","status":"mocked"},{"name":"https","status":"mocked"},{"name":"net","status":"mocked"}] {"metadata":{"emulator":{"name":"functions"},"message":"[runtime-status] [13980] Outgoing network have been stubbed. [{\"name\":\"http\",\"status\":\"mocked\"},{\"name\":\"http\",\"status\":\"mocked\"},{\"name\":\"https\",\"status\":\"mocked\"},{\"name\":\"https\",\"status\":\"mocked\"},{\"name\":\"net\",\"status\":\"mocked\"}]"}}
[debug] [2021-12-03T07:58:19.828Z] [runtime-status] [13980] Resolved module firebase-functions {"declared":true,"installed":true,"version":"3.16.0","resolution":"E:\\onlineStore\\functions\\node_modules\\firebase-functions\\lib\\index.js"} {"metadata":{"emulator":{"name":"functions"},"message":"[runtime-status] [13980] Resolved module firebase-functions {\"declared\":true,\"installed\":true,\"version\":\"3.16.0\",\"resolution\":\"E:\\\\onlineStore\\\\functions\\\\node_modules\\\\firebase-functions\\\\lib\\\\index.js\"}"}}
[debug] [2021-12-03T07:58:19.892Z] [runtime-status] [13980] Checked functions.config() {"config":{}} {"metadata":{"emulator":{"name":"functions"},"message":"[runtime-status] [13980] Checked functions.config() {\"config\":{}}"}}
[debug] [2021-12-03T07:58:19.892Z] [runtime-status] [13980] firebase-functions has been stubbed. {"functionsResolution":{"declared":true,"installed":true,"version":"3.16.0","resolution":"E:\\onlineStore\\functions\\node_modules\\firebase-functions\\lib\\index.js"}} {"metadata":{"emulator":{"name":"functions"},"message":"[runtime-status] [13980] firebase-functions has been stubbed. {\"functionsResolution\":{\"declared\":true,\"installed\":true,\"version\":\"3.16.0\",\"resolution\":\"E:\\\\onlineStore\\\\functions\\\\node_modules\\\\firebase-functions\\\\lib\\\\index.js\"}}"}}
[debug] [2021-12-03T07:58:19.893Z] [runtime-status] [13980] Resolved module firebase-functions {"declared":true,"installed":true,"version":"3.16.0","resolution":"E:\\onlineStore\\functions\\node_modules\\firebase-functions\\lib\\index.js"} {"metadata":{"emulator":{"name":"functions"},"message":"[runtime-status] [13980] Resolved module firebase-functions {\"declared\":true,\"installed\":true,\"version\":\"3.16.0\",\"resolution\":\"E:\\\\onlineStore\\\\functions\\\\node_modules\\\\firebase-functions\\\\lib\\\\index.js\"}"}}
[debug] [2021-12-03T07:58:19.894Z] [runtime-status] [13980] Resolved module firebase-admin {"declared":true,"installed":true,"version":"9.12.0","resolution":"E:\\onlineStore\\functions\\node_modules\\firebase-admin\\lib\\index.js"} {"metadata":{"emulator":{"name":"functions"},"message":"[runtime-status] [13980] Resolved module firebase-admin {\"declared\":true,\"installed\":true,\"version\":\"9.12.0\",\"resolution\":\"E:\\\\onlineStore\\\\functions\\\\node_modules\\\\firebase-admin\\\\lib\\\\index.js\"}"}}
[debug] [2021-12-03T07:58:19.895Z] [runtime-status] [13980] Resolved module firebase-functions {"declared":true,"installed":true,"version":"3.16.0","resolution":"E:\\onlineStore\\functions\\node_modules\\firebase-functions\\lib\\index.js"} {"metadata":{"emulator":{"name":"functions"},"message":"[runtime-status] [13980] Resolved module firebase-functions {\"declared\":true,\"installed\":true,\"version\":\"3.16.0\",\"resolution\":\"E:\\\\onlineStore\\\\functions\\\\node_modules\\\\firebase-functions\\\\lib\\\\index.js\"}"}}
[debug] [2021-12-03T07:58:19.895Z] [runtime-status] [13980] firebase-admin has been stubbed. {"adminResolution":{"declared":true,"installed":true,"version":"9.12.0","resolution":"E:\\onlineStore\\functions\\node_modules\\firebase-admin\\lib\\index.js"}} {"metadata":{"emulator":{"name":"functions"},"message":"[runtime-status] [13980] firebase-admin has been stubbed. {\"adminResolution\":{\"declared\":true,\"installed\":true,\"version\":\"9.12.0\",\"resolution\":\"E:\\\\onlineStore\\\\functions\\\\node_modules\\\\firebase-admin\\\\lib\\\\index.js\"}}"}}
[debug] [2021-12-03T07:58:20.064Z] [worker-~diagnostic~-37d91d99-c866-4553-8bf5-8d3e68678ff5]: IDLE {"metadata":{"emulator":{"name":"functions"},"message":"[worker-~diagnostic~-37d91d99-c866-4553-8bf5-8d3e68678ff5]: IDLE"}}
[info] i  hosting: 127.0.0.1 - - [03/Dec/2021:08:04:56 +0000] "GET /payment HTTP/1.1" 304 - "-" "Mozilla/5.0 (Windows NT 10.0; Win64; x64) AppleWebKit/537.36 (KHTML, like Gecko) Chrome/96.0.4664.45 Safari/537.36" {"metadata":{"emulator":{"name":"hosting"},"message":"127.0.0.1 - - [03/Dec/2021:08:04:56 +0000] \"GET /payment HTTP/1.1\" 304 - \"-\" \"Mozilla/5.0 (Windows NT 10.0; Win64; x64) AppleWebKit/537.36 (KHTML, like Gecko) Chrome/96.0.4664.45 Safari/537.36\""}}
[info] i  hosting: 127.0.0.1 - - [03/Dec/2021:08:04:56 +0000] "GET /static/css/main.9b8649f3.chunk.css HTTP/1.1" 200 5310 "http://localhost:5000/payment" "Mozilla/5.0 (Windows NT 10.0; Win64; x64) AppleWebKit/537.36 (KHTML, like Gecko) Chrome/96.0.4664.45 Safari/537.36" {"metadata":{"emulator":{"name":"hosting"},"message":"127.0.0.1 - - [03/Dec/2021:08:04:56 +0000] \"GET /static/css/main.9b8649f3.chunk.css HTTP/1.1\" 200 5310 \"http://localhost:5000/payment\" \"Mozilla/5.0 (Windows NT 10.0; Win64; x64) AppleWebKit/537.36 (KHTML, like Gecko) Chrome/96.0.4664.45 Safari/537.36\""}}
[info] i  hosting: 127.0.0.1 - - [03/Dec/2021:08:04:56 +0000] "GET /static/js/main.0ddfe947.chunk.js HTTP/1.1" 200 28257 "http://localhost:5000/payment" "Mozilla/5.0 (Windows NT 10.0; Win64; x64) AppleWebKit/537.36 (KHTML, like Gecko) Chrome/96.0.4664.45 Safari/537.36" {"metadata":{"emulator":{"name":"hosting"},"message":"127.0.0.1 - - [03/Dec/2021:08:04:56 +0000] \"GET /static/js/main.0ddfe947.chunk.js HTTP/1.1\" 200 28257 \"http://localhost:5000/payment\" \"Mozilla/5.0 (Windows NT 10.0; Win64; x64) AppleWebKit/537.36 (KHTML, like Gecko) Chrome/96.0.4664.45 Safari/537.36\""}}
[info] i  hosting: 127.0.0.1 - - [03/Dec/2021:08:04:56 +0000] "GET /static/js/2.5459fe95.chunk.js HTTP/1.1" 200 1135912 "http://localhost:5000/payment" "Mozilla/5.0 (Windows NT 10.0; Win64; x64) AppleWebKit/537.36 (KHTML, like Gecko) Chrome/96.0.4664.45 Safari/537.36" {"metadata":{"emulator":{"name":"hosting"},"message":"127.0.0.1 - - [03/Dec/2021:08:04:56 +0000] \"GET /static/js/2.5459fe95.chunk.js HTTP/1.1\" 200 1135912 \"http://localhost:5000/payment\" \"Mozilla/5.0 (Windows NT 10.0; Win64; x64) AppleWebKit/537.36 (KHTML, like Gecko) Chrome/96.0.4664.45 Safari/537.36\""}}
[debug] [2021-12-03T08:04:56.768Z] Functions emulator received unknown request at path /ecommerce-website-f0972/us-central1/api/payments/create
[info] i  hosting: 127.0.0.1 - - [03/Dec/2021:08:05:01 +0000] "GET /static/media/banner.9c4a4423.jpg HTTP/1.1" 200 354389 "http://localhost:5000/" "Mozilla/5.0 (Windows NT 10.0; Win64; x64) AppleWebKit/537.36 (KHTML, like Gecko) Chrome/96.0.4664.45 Safari/537.36" {"metadata":{"emulator":{"name":"hosting"},"message":"127.0.0.1 - - [03/Dec/2021:08:05:01 +0000] \"GET /static/media/banner.9c4a4423.jpg HTTP/1.1\" 200 354389 \"http://localhost:5000/\" \"Mozilla/5.0 (Windows NT 10.0; Win64; x64) AppleWebKit/537.36 (KHTML, like Gecko) Chrome/96.0.4664.45 Safari/537.36\""}}
[debug] [2021-12-03T08:07:42.486Z] Functions emulator received unknown request at path /ecommerce-website-f0972/us-central1/api/payments/create
[debug] [2021-12-03T08:11:28.793Z] File E:\onlineStore\functions\index.js changed, reloading triggers {"metadata":{"emulator":{"name":"functions"},"message":"File E:\\onlineStore\\functions\\index.js changed, reloading triggers"}}
[debug] [2021-12-03T08:11:29.801Z] [worker-pool] Shutting down IDLE worker (~diagnostic~) {"metadata":{"emulator":{"name":"functions"},"message":"[worker-pool] Shutting down IDLE worker (~diagnostic~)"}}
[debug] [2021-12-03T08:11:29.801Z] [worker-~diagnostic~-37d91d99-c866-4553-8bf5-8d3e68678ff5]: FINISHING {"metadata":{"emulator":{"name":"functions"},"message":"[worker-~diagnostic~-37d91d99-c866-4553-8bf5-8d3e68678ff5]: FINISHING"}}
[debug] [2021-12-03T08:11:29.802Z] [worker-pool] Cleaned up workers for ~diagnostic~: 2 --> 1 {"metadata":{"emulator":{"name":"functions"},"message":"[worker-pool] Cleaned up workers for ~diagnostic~: 2 --> 1"}}
[debug] [2021-12-03T08:11:29.808Z] [worker-pool] addWorker(~diagnostic~) {"metadata":{"emulator":{"name":"functions"},"message":"[worker-pool] addWorker(~diagnostic~)"}}
[debug] [2021-12-03T08:11:29.808Z] [worker-pool] Adding worker with key ~diagnostic~, total=2 {"metadata":{"emulator":{"name":"functions"},"message":"[worker-pool] Adding worker with key ~diagnostic~, total=2"}}
[debug] [2021-12-03T08:11:29.808Z] [worker-pool] submitWork(triggerId=) {"metadata":{"emulator":{"name":"functions"},"message":"[worker-pool] submitWork(triggerId=)"}}
[debug] [2021-12-03T08:11:29.808Z] [worker-~diagnostic~-9c1921a6-4939-47b4-8cf7-bcdc7932313c]: Assigning socketPath: \\?\pipe\E:\onlineStore\functions\23316 {"metadata":{"emulator":{"name":"functions"},"message":"[worker-~diagnostic~-9c1921a6-4939-47b4-8cf7-bcdc7932313c]: Assigning socketPath: \\\\?\\pipe\\E:\\onlineStore\\functions\\23316"}}
[debug] [2021-12-03T08:11:29.808Z] [worker-~diagnostic~-9c1921a6-4939-47b4-8cf7-bcdc7932313c]: BUSY {"metadata":{"emulator":{"name":"functions"},"message":"[worker-~diagnostic~-9c1921a6-4939-47b4-8cf7-bcdc7932313c]: BUSY"}}
[debug] [2021-12-03T08:11:29.809Z] [worker-~diagnostic~-37d91d99-c866-4553-8bf5-8d3e68678ff5]: exited {"metadata":{"emulator":{"name":"functions"},"message":"[worker-~diagnostic~-37d91d99-c866-4553-8bf5-8d3e68678ff5]: exited"}}
[debug] [2021-12-03T08:11:29.809Z] [worker-~diagnostic~-37d91d99-c866-4553-8bf5-8d3e68678ff5]: FINISHED {"metadata":{"emulator":{"name":"functions"},"message":"[worker-~diagnostic~-37d91d99-c866-4553-8bf5-8d3e68678ff5]: FINISHED"}}
[debug] [2021-12-03T08:11:32.817Z] [runtime-status] [23316] Functions runtime initialized. {"cwd":"E:\\onlineStore\\functions","node_version":"14.17.3"} {"metadata":{"emulator":{"name":"functions"},"message":"[runtime-status] [23316] Functions runtime initialized. {\"cwd\":\"E:\\\\onlineStore\\\\functions\",\"node_version\":\"14.17.3\"}"}}
[debug] [2021-12-03T08:11:32.819Z] [runtime-status] [23316] Disabled runtime features: undefined {"metadata":{"emulator":{"name":"functions"},"message":"[runtime-status] [23316] Disabled runtime features: undefined"}}
[debug] [2021-12-03T08:11:32.823Z] [runtime-status] [23316] Resolved module firebase-admin {"declared":true,"installed":true,"version":"9.12.0","resolution":"E:\\onlineStore\\functions\\node_modules\\firebase-admin\\lib\\index.js"} {"metadata":{"emulator":{"name":"functions"},"message":"[runtime-status] [23316] Resolved module firebase-admin {\"declared\":true,\"installed\":true,\"version\":\"9.12.0\",\"resolution\":\"E:\\\\onlineStore\\\\functions\\\\node_modules\\\\firebase-admin\\\\lib\\\\index.js\"}"}}
[debug] [2021-12-03T08:11:32.826Z] [runtime-status] [23316] Resolved module firebase-functions {"declared":true,"installed":true,"version":"3.16.0","resolution":"E:\\onlineStore\\functions\\node_modules\\firebase-functions\\lib\\index.js"} {"metadata":{"emulator":{"name":"functions"},"message":"[runtime-status] [23316] Resolved module firebase-functions {\"declared\":true,\"installed\":true,\"version\":\"3.16.0\",\"resolution\":\"E:\\\\onlineStore\\\\functions\\\\node_modules\\\\firebase-functions\\\\lib\\\\index.js\"}"}}
[debug] [2021-12-03T08:11:32.828Z] [runtime-status] [23316] Outgoing network have been stubbed. [{"name":"http","status":"mocked"},{"name":"http","status":"mocked"},{"name":"https","status":"mocked"},{"name":"https","status":"mocked"},{"name":"net","status":"mocked"}] {"metadata":{"emulator":{"name":"functions"},"message":"[runtime-status] [23316] Outgoing network have been stubbed. [{\"name\":\"http\",\"status\":\"mocked\"},{\"name\":\"http\",\"status\":\"mocked\"},{\"name\":\"https\",\"status\":\"mocked\"},{\"name\":\"https\",\"status\":\"mocked\"},{\"name\":\"net\",\"status\":\"mocked\"}]"}}
[debug] [2021-12-03T08:11:32.830Z] [runtime-status] [23316] Resolved module firebase-functions {"declared":true,"installed":true,"version":"3.16.0","resolution":"E:\\onlineStore\\functions\\node_modules\\firebase-functions\\lib\\index.js"} {"metadata":{"emulator":{"name":"functions"},"message":"[runtime-status] [23316] Resolved module firebase-functions {\"declared\":true,\"installed\":true,\"version\":\"3.16.0\",\"resolution\":\"E:\\\\onlineStore\\\\functions\\\\node_modules\\\\firebase-functions\\\\lib\\\\index.js\"}"}}
[debug] [2021-12-03T08:11:33.388Z] [runtime-status] [23316] Checked functions.config() {"config":{}} {"metadata":{"emulator":{"name":"functions"},"message":"[runtime-status] [23316] Checked functions.config() {\"config\":{}}"}}
[debug] [2021-12-03T08:11:33.388Z] [runtime-status] [23316] firebase-functions has been stubbed. {"functionsResolution":{"declared":true,"installed":true,"version":"3.16.0","resolution":"E:\\onlineStore\\functions\\node_modules\\firebase-functions\\lib\\index.js"}} {"metadata":{"emulator":{"name":"functions"},"message":"[runtime-status] [23316] firebase-functions has been stubbed. {\"functionsResolution\":{\"declared\":true,\"installed\":true,\"version\":\"3.16.0\",\"resolution\":\"E:\\\\onlineStore\\\\functions\\\\node_modules\\\\firebase-functions\\\\lib\\\\index.js\"}}"}}
[debug] [2021-12-03T08:11:33.389Z] [runtime-status] [23316] Resolved module firebase-functions {"declared":true,"installed":true,"version":"3.16.0","resolution":"E:\\onlineStore\\functions\\node_modules\\firebase-functions\\lib\\index.js"} {"metadata":{"emulator":{"name":"functions"},"message":"[runtime-status] [23316] Resolved module firebase-functions {\"declared\":true,\"installed\":true,\"version\":\"3.16.0\",\"resolution\":\"E:\\\\onlineStore\\\\functions\\\\node_modules\\\\firebase-functions\\\\lib\\\\index.js\"}"}}
[debug] [2021-12-03T08:11:33.390Z] [runtime-status] [23316] Resolved module firebase-admin {"declared":true,"installed":true,"version":"9.12.0","resolution":"E:\\onlineStore\\functions\\node_modules\\firebase-admin\\lib\\index.js"} {"metadata":{"emulator":{"name":"functions"},"message":"[runtime-status] [23316] Resolved module firebase-admin {\"declared\":true,\"installed\":true,\"version\":\"9.12.0\",\"resolution\":\"E:\\\\onlineStore\\\\functions\\\\node_modules\\\\firebase-admin\\\\lib\\\\index.js\"}"}}
[debug] [2021-12-03T08:11:33.391Z] [runtime-status] [23316] Resolved module firebase-functions {"declared":true,"installed":true,"version":"3.16.0","resolution":"E:\\onlineStore\\functions\\node_modules\\firebase-functions\\lib\\index.js"} {"metadata":{"emulator":{"name":"functions"},"message":"[runtime-status] [23316] Resolved module firebase-functions {\"declared\":true,\"installed\":true,\"version\":\"3.16.0\",\"resolution\":\"E:\\\\onlineStore\\\\functions\\\\node_modules\\\\firebase-functions\\\\lib\\\\index.js\"}"}}
[debug] [2021-12-03T08:11:33.391Z] [runtime-status] [23316] firebase-admin has been stubbed. {"adminResolution":{"declared":true,"installed":true,"version":"9.12.0","resolution":"E:\\onlineStore\\functions\\node_modules\\firebase-admin\\lib\\index.js"}} {"metadata":{"emulator":{"name":"functions"},"message":"[runtime-status] [23316] firebase-admin has been stubbed. {\"adminResolution\":{\"declared\":true,\"installed\":true,\"version\":\"9.12.0\",\"resolution\":\"E:\\\\onlineStore\\\\functions\\\\node_modules\\\\firebase-admin\\\\lib\\\\index.js\"}}"}}
[debug] [2021-12-03T08:11:34.139Z] [worker-~diagnostic~-9c1921a6-4939-47b4-8cf7-bcdc7932313c]: IDLE {"metadata":{"emulator":{"name":"functions"},"message":"[worker-~diagnostic~-9c1921a6-4939-47b4-8cf7-bcdc7932313c]: IDLE"}}
[debug] [2021-12-03T08:13:06.650Z] File E:\onlineStore\functions\index.js changed, reloading triggers {"metadata":{"emulator":{"name":"functions"},"message":"File E:\\onlineStore\\functions\\index.js changed, reloading triggers"}}
[debug] [2021-12-03T08:13:07.651Z] [worker-pool] Shutting down IDLE worker (~diagnostic~) {"metadata":{"emulator":{"name":"functions"},"message":"[worker-pool] Shutting down IDLE worker (~diagnostic~)"}}
[debug] [2021-12-03T08:13:07.652Z] [worker-~diagnostic~-9c1921a6-4939-47b4-8cf7-bcdc7932313c]: FINISHING {"metadata":{"emulator":{"name":"functions"},"message":"[worker-~diagnostic~-9c1921a6-4939-47b4-8cf7-bcdc7932313c]: FINISHING"}}
[debug] [2021-12-03T08:13:07.652Z] [worker-pool] Cleaned up workers for ~diagnostic~: 2 --> 1 {"metadata":{"emulator":{"name":"functions"},"message":"[worker-pool] Cleaned up workers for ~diagnostic~: 2 --> 1"}}
[debug] [2021-12-03T08:13:07.657Z] [worker-pool] addWorker(~diagnostic~) {"metadata":{"emulator":{"name":"functions"},"message":"[worker-pool] addWorker(~diagnostic~)"}}
[debug] [2021-12-03T08:13:07.657Z] [worker-pool] Adding worker with key ~diagnostic~, total=2 {"metadata":{"emulator":{"name":"functions"},"message":"[worker-pool] Adding worker with key ~diagnostic~, total=2"}}
[debug] [2021-12-03T08:13:07.657Z] [worker-pool] submitWork(triggerId=) {"metadata":{"emulator":{"name":"functions"},"message":"[worker-pool] submitWork(triggerId=)"}}
[debug] [2021-12-03T08:13:07.657Z] [worker-~diagnostic~-ccd970ce-f3c5-42db-9ab3-fd94b78c47aa]: Assigning socketPath: \\?\pipe\E:\onlineStore\functions\18296 {"metadata":{"emulator":{"name":"functions"},"message":"[worker-~diagnostic~-ccd970ce-f3c5-42db-9ab3-fd94b78c47aa]: Assigning socketPath: \\\\?\\pipe\\E:\\onlineStore\\functions\\18296"}}
[debug] [2021-12-03T08:13:07.657Z] [worker-~diagnostic~-ccd970ce-f3c5-42db-9ab3-fd94b78c47aa]: BUSY {"metadata":{"emulator":{"name":"functions"},"message":"[worker-~diagnostic~-ccd970ce-f3c5-42db-9ab3-fd94b78c47aa]: BUSY"}}
[debug] [2021-12-03T08:13:07.658Z] [worker-~diagnostic~-9c1921a6-4939-47b4-8cf7-bcdc7932313c]: exited {"metadata":{"emulator":{"name":"functions"},"message":"[worker-~diagnostic~-9c1921a6-4939-47b4-8cf7-bcdc7932313c]: exited"}}
[debug] [2021-12-03T08:13:07.658Z] [worker-~diagnostic~-9c1921a6-4939-47b4-8cf7-bcdc7932313c]: FINISHED {"metadata":{"emulator":{"name":"functions"},"message":"[worker-~diagnostic~-9c1921a6-4939-47b4-8cf7-bcdc7932313c]: FINISHED"}}
[debug] [2021-12-03T08:13:07.936Z] [runtime-status] [18296] Functions runtime initialized. {"cwd":"E:\\onlineStore\\functions","node_version":"14.17.3"} {"metadata":{"emulator":{"name":"functions"},"message":"[runtime-status] [18296] Functions runtime initialized. {\"cwd\":\"E:\\\\onlineStore\\\\functions\",\"node_version\":\"14.17.3\"}"}}
[debug] [2021-12-03T08:13:07.938Z] [runtime-status] [18296] Disabled runtime features: undefined {"metadata":{"emulator":{"name":"functions"},"message":"[runtime-status] [18296] Disabled runtime features: undefined"}}
[debug] [2021-12-03T08:13:07.943Z] [runtime-status] [18296] Resolved module firebase-admin {"declared":true,"installed":true,"version":"9.12.0","resolution":"E:\\onlineStore\\functions\\node_modules\\firebase-admin\\lib\\index.js"} {"metadata":{"emulator":{"name":"functions"},"message":"[runtime-status] [18296] Resolved module firebase-admin {\"declared\":true,\"installed\":true,\"version\":\"9.12.0\",\"resolution\":\"E:\\\\onlineStore\\\\functions\\\\node_modules\\\\firebase-admin\\\\lib\\\\index.js\"}"}}
[debug] [2021-12-03T08:13:07.946Z] [runtime-status] [18296] Resolved module firebase-functions {"declared":true,"installed":true,"version":"3.16.0","resolution":"E:\\onlineStore\\functions\\node_modules\\firebase-functions\\lib\\index.js"} {"metadata":{"emulator":{"name":"functions"},"message":"[runtime-status] [18296] Resolved module firebase-functions {\"declared\":true,\"installed\":true,\"version\":\"3.16.0\",\"resolution\":\"E:\\\\onlineStore\\\\functions\\\\node_modules\\\\firebase-functions\\\\lib\\\\index.js\"}"}}
[debug] [2021-12-03T08:13:07.948Z] [runtime-status] [18296] Outgoing network have been stubbed. [{"name":"http","status":"mocked"},{"name":"http","status":"mocked"},{"name":"https","status":"mocked"},{"name":"https","status":"mocked"},{"name":"net","status":"mocked"}] {"metadata":{"emulator":{"name":"functions"},"message":"[runtime-status] [18296] Outgoing network have been stubbed. [{\"name\":\"http\",\"status\":\"mocked\"},{\"name\":\"http\",\"status\":\"mocked\"},{\"name\":\"https\",\"status\":\"mocked\"},{\"name\":\"https\",\"status\":\"mocked\"},{\"name\":\"net\",\"status\":\"mocked\"}]"}}
[debug] [2021-12-03T08:13:07.949Z] [runtime-status] [18296] Resolved module firebase-functions {"declared":true,"installed":true,"version":"3.16.0","resolution":"E:\\onlineStore\\functions\\node_modules\\firebase-functions\\lib\\index.js"} {"metadata":{"emulator":{"name":"functions"},"message":"[runtime-status] [18296] Resolved module firebase-functions {\"declared\":true,\"installed\":true,\"version\":\"3.16.0\",\"resolution\":\"E:\\\\onlineStore\\\\functions\\\\node_modules\\\\firebase-functions\\\\lib\\\\index.js\"}"}}
[debug] [2021-12-03T08:13:08.001Z] [runtime-status] [18296] Checked functions.config() {"config":{}} {"metadata":{"emulator":{"name":"functions"},"message":"[runtime-status] [18296] Checked functions.config() {\"config\":{}}"}}
[debug] [2021-12-03T08:13:08.003Z] [runtime-status] [18296] firebase-functions has been stubbed. {"functionsResolution":{"declared":true,"installed":true,"version":"3.16.0","resolution":"E:\\onlineStore\\functions\\node_modules\\firebase-functions\\lib\\index.js"}} {"metadata":{"emulator":{"name":"functions"},"message":"[runtime-status] [18296] firebase-functions has been stubbed. {\"functionsResolution\":{\"declared\":true,\"installed\":true,\"version\":\"3.16.0\",\"resolution\":\"E:\\\\onlineStore\\\\functions\\\\node_modules\\\\firebase-functions\\\\lib\\\\index.js\"}}"}}
[debug] [2021-12-03T08:13:08.003Z] [runtime-status] [18296] Resolved module firebase-functions {"declared":true,"installed":true,"version":"3.16.0","resolution":"E:\\onlineStore\\functions\\node_modules\\firebase-functions\\lib\\index.js"} {"metadata":{"emulator":{"name":"functions"},"message":"[runtime-status] [18296] Resolved module firebase-functions {\"declared\":true,\"installed\":true,\"version\":\"3.16.0\",\"resolution\":\"E:\\\\onlineStore\\\\functions\\\\node_modules\\\\firebase-functions\\\\lib\\\\index.js\"}"}}
[debug] [2021-12-03T08:13:08.004Z] [runtime-status] [18296] Resolved module firebase-admin {"declared":true,"installed":true,"version":"9.12.0","resolution":"E:\\onlineStore\\functions\\node_modules\\firebase-admin\\lib\\index.js"} {"metadata":{"emulator":{"name":"functions"},"message":"[runtime-status] [18296] Resolved module firebase-admin {\"declared\":true,\"installed\":true,\"version\":\"9.12.0\",\"resolution\":\"E:\\\\onlineStore\\\\functions\\\\node_modules\\\\firebase-admin\\\\lib\\\\index.js\"}"}}
[debug] [2021-12-03T08:13:08.005Z] [runtime-status] [18296] Resolved module firebase-functions {"declared":true,"installed":true,"version":"3.16.0","resolution":"E:\\onlineStore\\functions\\node_modules\\firebase-functions\\lib\\index.js"} {"metadata":{"emulator":{"name":"functions"},"message":"[runtime-status] [18296] Resolved module firebase-functions {\"declared\":true,\"installed\":true,\"version\":\"3.16.0\",\"resolution\":\"E:\\\\onlineStore\\\\functions\\\\node_modules\\\\firebase-functions\\\\lib\\\\index.js\"}"}}
[debug] [2021-12-03T08:13:08.005Z] [runtime-status] [18296] firebase-admin has been stubbed. {"adminResolution":{"declared":true,"installed":true,"version":"9.12.0","resolution":"E:\\onlineStore\\functions\\node_modules\\firebase-admin\\lib\\index.js"}} {"metadata":{"emulator":{"name":"functions"},"message":"[runtime-status] [18296] firebase-admin has been stubbed. {\"adminResolution\":{\"declared\":true,\"installed\":true,\"version\":\"9.12.0\",\"resolution\":\"E:\\\\onlineStore\\\\functions\\\\node_modules\\\\firebase-admin\\\\lib\\\\index.js\"}}"}}
[debug] [2021-12-03T08:13:08.181Z] [worker-~diagnostic~-ccd970ce-f3c5-42db-9ab3-fd94b78c47aa]: IDLE {"metadata":{"emulator":{"name":"functions"},"message":"[worker-~diagnostic~-ccd970ce-f3c5-42db-9ab3-fd94b78c47aa]: IDLE"}}
[debug] [2021-12-03T08:19:42.115Z] Functions emulator received unknown request at path /ecommerce-website-f0972/us-central1/api/payments/create
